<?xml version="1.0" encoding="UTF-8"?>
<testsuite xmlns:xsi="http://www.w3.org/2001/XMLSchema-instance" xsi:noNamespaceSchemaLocation="https://maven.apache.org/surefire/maven-surefire-plugin/xsd/surefire-test-report-3.0.xsd" version="3.0" name="TestSuite" time="11.088" tests="2" errors="0" skipped="0" failures="0">
  <properties>
[...]
</properties>
  <testcase name="SearchingSongsBySongName" classname="tests.Tests_SearchSongs" time="4.956">
    <system-out><![CDATA[[TestNGContentHandler] [WARN] It is strongly recommended to add "<!DOCTYPE suite SYSTEM "http://testng.org/testng-1.0.dtd" >" at the top of your file, otherwise TestNG may fail or not work as expected.
Your search keyword is: dua lipa
The song list by song name before sorting: 
[A Gravidade Da Lua, Duj Sandale, Lil' Liza Jane, Hummani Hei Dub, Kaulana Na Pua, Mo Li Hua]
The song list by song name after sorting: 
[A Gravidade Da Lua, Duj Sandale, Hummani Hei Dub, Kaulana Na Pua, Lil' Liza Jane, Mo Li Hua]
]]></system-out>
    <system-err><![CDATA[Mar 06, 2022 12:13:00 AM org.openqa.selenium.remote.ProtocolHandshake createSession
INFO: Detected dialect: W3C
]]></system-err>
  </testcase>
  <testcase name="SearchingSongsByArtist" classname="tests.Tests_SearchSongs" time="3.162">
    <system-out><![CDATA[Your search keyword is: dua lipa
The song list by song name before sorting: 
[The Yousicians, Traditional, Traditional, Traditional, Traditional, Traditional]
The song list by song name after sorting: 
[The Yousicians, Traditional, Traditional, Traditional, Traditional, Traditional]
]]></system-out>
    <system-err><![CDATA[Mar 06, 2022 12:13:06 AM org.openqa.selenium.remote.ProtocolHandshake createSession
INFO: Detected dialect: W3C
]]></system-err>
  </testcase>
</testsuite>