<?xml version="1.0" encoding="UTF-8"?>
<testng-results skipped="0" failed="0" ignored="0" total="2" passed="2">
  <reporter-output>
  </reporter-output>
  <suite name="Suite" duration-ms="10331" started-at="2022-03-05T18:12:59Z" finished-at="2022-03-05T18:13:09Z">
    <groups>
    </groups>
    <test name="Test" duration-ms="10331" started-at="2022-03-05T18:12:59Z" finished-at="2022-03-05T18:13:09Z">
      <class name="tests.Tests_SearchSongs">
        <test-method status="PASS" signature="beforeMethod()[pri:0, instance:tests.Tests_SearchSongs@35a50a4c]" name="beforeMethod" is-config="true" duration-ms="1066" started-at="2022-03-05T18:12:59Z" finished-at="2022-03-05T18:13:00Z">
          <reporter-output>
          </reporter-output>
        </test-method> <!-- beforeMethod -->
        <test-method status="PASS" signature="SearchingSongsBySongName()[pri:0, instance:tests.Tests_SearchSongs@35a50a4c]" name="SearchingSongsBySongName" duration-ms="4959" started-at="2022-03-05T18:13:00Z" finished-at="2022-03-05T18:13:05Z">
          <reporter-output>
          </reporter-output>
        </test-method> <!-- SearchingSongsBySongName -->
        <test-method status="PASS" signature="afterMethod()[pri:0, instance:tests.Tests_SearchSongs@35a50a4c]" name="afterMethod" is-config="true" duration-ms="277" started-at="2022-03-05T18:13:05Z" finished-at="2022-03-05T18:13:05Z">
          <reporter-output>
          </reporter-output>
        </test-method> <!-- afterMethod -->
        <test-method status="PASS" signature="beforeMethod()[pri:0, instance:tests.Tests_SearchSongs@35a50a4c]" name="beforeMethod" is-config="true" duration-ms="702" started-at="2022-03-05T18:13:05Z" finished-at="2022-03-05T18:13:06Z">
          <reporter-output>
          </reporter-output>
        </test-method> <!-- beforeMethod -->
        <test-method status="PASS" signature="SearchingSongsByArtist()[pri:1, instance:tests.Tests_SearchSongs@35a50a4c]" name="SearchingSongsByArtist" duration-ms="3164" started-at="2022-03-05T18:13:06Z" finished-at="2022-03-05T18:13:09Z">
          <reporter-output>
          </reporter-output>
        </test-method> <!-- SearchingSongsByArtist -->
        <test-method status="PASS" signature="afterMethod()[pri:0, instance:tests.Tests_SearchSongs@35a50a4c]" name="afterMethod" is-config="true" duration-ms="151" started-at="2022-03-05T18:13:09Z" finished-at="2022-03-05T18:13:09Z">
          <reporter-output>
          </reporter-output>
        </test-method> <!-- afterMethod -->
      </class> <!-- tests.Tests_SearchSongs -->
    </test> <!-- Test -->
  </suite> <!-- Suite -->
</testng-results>
